[01:23:37] [main/INFO] ========================================
[01:23:37] [main/INFO] Minecraft: 1.20.1
[01:23:37] [main/INFO] Side: server
[01:23:37] [main/INFO] Development: false
[01:23:37] [main/INFO] Version: 12.1.725
[01:23:37] [main/INFO] Loader:
[01:23:37] [main/INFO] - Fabric: 0.16.3
[01:23:37] [main/INFO] - Fabric API: 0.92.1+1.20.1
[01:23:37] [main/INFO] Dependencies:
[01:23:37] [main/INFO] - Cloth Config: 11.1.118
[01:23:37] [main/INFO] - Architectury: 9.2.14
[01:23:37] [main/INFO] Mixin: 0.8.7
[01:23:37] [main/INFO] OS: Linux 6.8.0-1027-azure (amd64)
[01:23:37] [main/INFO] Java: 17.0.15 (Ubuntu)
[01:23:37] [main/INFO] ========================================
[01:23:37] [main/INFO] Mods:
[01:23:37] [main/INFO] - additional_rpg_jewelry: 1.0.2
[01:23:37] [main/INFO] - additionalentityattributes: 1.7.3+1.20.0
[01:23:37] [main/INFO] - additionalstructures: 4.2.1
[01:23:37] [main/INFO] - advanced_runtime_resource_pack: 0.8.1
[01:23:37] [main/INFO] - adventurez: 1.4.20
[01:23:37] [main/INFO] - alloy_forgery: 2.1.2+1.20
[01:23:37] [main/INFO] - amethyst_core: 1.4.10+1.20.1
[01:23:37] [main/INFO] - amplified_nether: 1.2.5
[01:23:37] [main/INFO] - animal_feeding_trough: 1.1.0+1.20.1
[01:23:37] [main/INFO] - apoli: 2.9.0
[01:23:37] [main/INFO] - apugli: 2.10.1+1.20.1-fabric
[01:23:37] [main/INFO] - aquamirae: 6
[01:23:37] [main/INFO] - archers: 1.2.1+1.20.1
[01:23:37] [main/INFO] - architectury: 9.2.14
[01:23:37] [main/INFO] - archon: 0.6.2
[01:23:37] [main/INFO] - areas: 5.6
[01:23:37] [main/INFO] - artifacts: 9.5.6
[01:23:37] [main/INFO] - artifality: 0.6.0+1.20
[01:23:37] [main/INFO] - ati_structures: 1.0.0
[01:23:37] [main/INFO] - attributefix: 21.0.4
[01:23:37] [main/INFO] - autotag: 2.0.2+1.20
[01:23:37] [main/INFO] - autotag-convention: 2.0.2+1.20
[01:23:37] [main/INFO] - awesomedungeon: 3.2.0
[01:23:37] [main/INFO] - awesomedungeonnether: 3.1.1
[01:23:37] [main/INFO] - azurelib: 2.0.22
[01:23:37] [main/INFO] - azurelibarmor: 2.0.3
[01:23:37] [main/INFO] - bakery: 1.1.10
[01:23:37] [main/INFO] - balm-fabric: 7.2.2
[01:23:37] [main/INFO] - bcc: 4.0.8
[01:23:37] [main/INFO] - bclib: 3.0.14
[01:23:37] [main/INFO] - berserker-rpg: 1.0.5
[01:23:37] [main/INFO] - besmirchment: 1.20.1-4
[01:23:37] [main/INFO] - betterarcheology: 1.1.9-1.20.1
[01:23:37] [main/INFO] - bettercombat: 1.8.5+1.20.1
[01:23:37] [main/INFO] - betterdeserttemples: 1.20-Fabric-3.0.3
[01:23:37] [main/INFO] - betterdungeons: 1.20-Fabric-4.0.4
[01:23:37] [main/INFO] - betterend: 4.0.11
[01:23:37] [main/INFO] - betterfortresses: 1.20-Fabric-2.0.6
[01:23:37] [main/INFO] - betterjungletemples: 1.20-Fabric-2.0.5
[01:23:37] [main/INFO] - bettermineshafts: 1.20-Fabric-4.0.4
[01:23:37] [main/INFO] - betternether: 9.0.10
[01:23:37] [main/INFO] - betteroceanmonuments: 1.20-Fabric-3.0.4
[01:23:37] [main/INFO] - betterstats: 3.9.7+fabric-1.20.1
[01:23:37] [main/INFO] - betterstrongholds: 1.20-Fabric-4.0.3
[01:23:37] [main/INFO] - betterwitchhuts: 1.20-Fabric-3.0.3
[01:23:37] [main/INFO] - bewitchment: 1.20-8
[01:23:37] [main/INFO] - biolith: 1.0.0-alpha.8
[01:23:37] [main/INFO] - blabber: 1.5.1-mc1.20.1
[01:23:37] [main/INFO] - blahaj: 0.3.2
[01:23:37] [main/INFO] - blossom: 1.0.7
[01:23:37] [main/INFO] - blue_endless_jankson: 1.2.3
[01:23:37] [main/INFO] - bno: 9.1.1
[01:23:37] [main/INFO] - bookshelf: 20.1.10
[01:23:37] [main/INFO] - bosses_of_mass_destruction: 1.7.5-1.20.1
[01:23:37] [main/INFO] - bountiful: 6.0.3+1.20.1
[01:23:37] [main/INFO] - brutalbosses: 1.20.1-6.9
[01:23:37] [main/INFO] - bwncr: 3.17.0
[01:23:37] [main/INFO] - bygonenether: 1.3.2
[01:23:37] [main/INFO] - bypass_anvil_restriction: 1.0.7+1.20.1
[01:23:37] [main/INFO] - calio: 1.11.0
[01:23:37] [main/INFO] - cardinal-components: 5.2.2
[01:23:37] [main/INFO] - cardinal-components-base: 5.2.2
[01:23:37] [main/INFO] - cardinal-components-block: 5.2.2
[01:23:37] [main/INFO] - cardinal-components-chunk: 5.2.2
[01:23:37] [main/INFO] - cardinal-components-entity: 5.2.2
[01:23:37] [main/INFO] - cardinal-components-item: 5.2.2
[01:23:37] [main/INFO] - cardinal-components-level: 5.2.2
[01:23:37] [main/INFO] - cardinal-components-scoreboard: 5.2.2
[01:23:37] [main/INFO] - cardinal-components-world: 5.2.2
[01:23:37] [main/INFO] - castle_dungeons: 4.0.0
[01:23:37] [main/INFO] - ch_skyfy_tomlconfiglib_toml-config-lib: 1.0.4
[01:23:37] [main/INFO] - chas: 1.20
[01:23:37] [main/INFO] - chimes: 2.0.1
[01:23:37] [main/INFO] - chunky: 1.3.146
[01:23:37] [main/INFO] - cicada: 0.7.1+1.20.1
[01:23:37] [main/INFO] - cloth-basic-math: 0.6.1
[01:23:37] [main/INFO] - cloth-config: 11.1.118
[01:23:37] [main/INFO] - cloth-config: 11.1.118
[01:23:37] [main/INFO] - clumps: 12.0.0.4
[01:23:37] [main/INFO] - clutter: 1.20-0.5.8
[01:23:37] [main/INFO] - collective: 7.60
[01:23:37] [main/INFO] - com_electronwill_night-config_core: 3.6.7
[01:23:37] [main/INFO] - com_electronwill_night-config_toml: 3.6.7
[01:23:37] [main/INFO] - com_eliotlash_mclib_mclib: 20
[01:23:37] [main/INFO] - com_fasterxml_jackson_core_jackson-annotations: 2.17.0
[01:23:37] [main/INFO] - com_fasterxml_jackson_core_jackson-core: 2.17.0
[01:23:37] [main/INFO] - com_fasterxml_jackson_core_jackson-databind: 2.17.0
[01:23:37] [main/INFO] - com_github_zsoltmolnarrr_tinyconfig: 2.3.2
[01:23:37] [main/INFO] - com_teamresourceful_bytecodecs: 1.0.2
[01:23:37] [main/INFO] - com_teamresourceful_yabn: 1.0.3
[01:23:37] [main/INFO] - com_twelvemonkeys_common_common-image: 3.10.0
[01:23:37] [main/INFO] - com_twelvemonkeys_common_common-io: 3.10.0
[01:23:37] [main/INFO] - com_twelvemonkeys_common_common-lang: 3.10.0
[01:23:37] [main/INFO] - com_twelvemonkeys_imageio_imageio-core: 3.10.0
[01:23:37] [main/INFO] - com_twelvemonkeys_imageio_imageio-metadata: 3.10.0
[01:23:37] [main/INFO] - com_twelvemonkeys_imageio_imageio-webp: 3.10.0
[01:23:37] [main/INFO] - combatroll: 1.3.2+1.20.1
[01:23:37] [main/INFO] - comforts: 6.3.5+1.20.1
[01:23:37] [main/INFO] - common-economy-api: 1.1.1
[01:23:37] [main/INFO] - common-protection-api: 1.0.0
[01:23:37] [main/INFO] - commonnetworking: 1.0.3-1.20.1
[01:23:37] [main/INFO] - completeconfig-base: 2.5.2
[01:23:37] [main/INFO] - cooldown-coordinator: 0.6.3
[01:23:37] [main/INFO] - corgilib: 4.0.1.1
[01:23:37] [main/INFO] - coroutil: 1.20.1-1.3.7
[01:23:37] [main/INFO] - creativecore: 2.11.28
[01:23:37] [main/INFO] - cristellib: 1.1.5
[01:23:37] [main/INFO] - cthulib: 1.0.2
[01:23:37] [main/INFO] - ctov: 3.4.3
[01:23:37] [main/INFO] - cupboard: 1.20.1-2.6
[01:23:37] [main/INFO] - customportalapi: 0.0.1-beta64-1.20
[01:23:37] [main/INFO] - davespotioneering: 10
[01:23:37] [main/INFO] - dawn: 5.0.0
[01:23:37] [main/INFO] - decorative_blocks: 4.0.3
[01:23:37] [main/INFO] - deeperdarker: 1.2.6
[01:23:37] [main/INFO] - digs_dnd_origins: 1.20.1-0.0.11
[01:23:37] [main/INFO] - dimensional_traders: 1.1.1
[01:23:37] [main/INFO] - disenchanter: 0.1.8+1.20
[01:23:37] [main/INFO] - doapi: 1.2.12
[01:23:37] [main/INFO] - dramaticdoors: 1.20.1-3.2.2
[01:23:37] [main/INFO] - druids: 0.9.7.0
[01:23:37] [main/INFO] - dummmmmmy: 1.20-1.8.17b
[01:23:37] [main/INFO] - dungeonnowloading: 1.5
[01:23:37] [main/INFO] - dungeons_arise_seven_seas: 1.0.2
[01:23:37] [main/INFO] - dungeonz: 1.0.5
[01:23:37] [main/INFO] - easymagic: 8.0.1
[01:23:37] [main/INFO] - eldritch_mobs: 1.15.1
[01:23:37] [main/INFO] - elemental_wizards_rpg: 1.1.1
[01:23:37] [main/INFO] - ender_dragon_egg_respawn: 2.0.0
[01:23:37] [main/INFO] - endermanoverhaul: 1.0.4
[01:23:37] [main/INFO] - endrem: 5.2.4
[01:23:37] [main/INFO] - epicknightsnmages: 0.0.2
[01:23:37] [main/INFO] - error_notifier: 1.0.9
[01:23:37] [main/INFO] - expandability: 9.0.4
[01:23:37] [main/INFO] - explorations: 1.20.1-1.5.2
[01:23:37] [main/INFO] - explorerscompass: 1.20.1-2.2.3-fabric
[01:23:37] [main/INFO] - explorify: v1.4.0
[01:23:37] [main/INFO] - extensibleenums: 7.0.1
[01:23:37] [main/INFO] - extraspellattributes: 1.2.2
[01:23:37] [main/INFO] - fabric-api: 0.92.1+1.20.1
[01:23:37] [main/INFO] - fabric-api: 0.92.1+1.20.1
[01:23:37] [main/INFO] - fabric-api-base: 0.4.31+1802ada577
[01:23:37] [main/INFO] - fabric-api-lookup-api-v1: 1.6.36+1802ada577
[01:23:37] [main/INFO] - fabric-biome-api-v1: 13.0.13+1802ada577
[01:23:37] [main/INFO] - fabric-block-api-v1: 1.0.11+1802ada577
[01:23:37] [main/INFO] - fabric-block-view-api-v2: 1.0.1+1802ada577
[01:23:37] [main/INFO] - fabric-command-api-v1: 1.2.34+f71b366f77
[01:23:37] [main/INFO] - fabric-command-api-v2: 2.2.13+1802ada577
[01:23:37] [main/INFO] - fabric-commands-v0: 0.2.51+df3654b377
[01:23:37] [main/INFO] - fabric-containers-v0: 0.1.64+df3654b377
[01:23:37] [main/INFO] - fabric-content-registries-v0: 4.0.11+1802ada577
[01:23:37] [main/INFO] - fabric-convention-tags-v1: 1.5.5+1802ada577
[01:23:37] [main/INFO] - fabric-crash-report-info-v1: 0.2.19+1802ada577
[01:23:37] [main/INFO] - fabric-data-attachment-api-v1: 1.0.0+de0fd6d177
[01:23:37] [main/INFO] - fabric-data-generation-api-v1: 12.3.4+1802ada577
[01:23:37] [main/INFO] - fabric-dimensions-v1: 2.1.54+1802ada577
[01:23:37] [main/INFO] - fabric-entity-events-v1: 1.6.0+1c78457f77
[01:23:37] [main/INFO] - fabric-events-interaction-v0: 0.6.2+1802ada577
[01:23:37] [main/INFO] - fabric-events-lifecycle-v0: 0.2.63+df3654b377
[01:23:37] [main/INFO] - fabric-game-rule-api-v1: 1.0.40+1802ada577
[01:23:37] [main/INFO] - fabric-item-api-v1: 2.1.28+1802ada577
[01:23:37] [main/INFO] - fabric-item-group-api-v1: 4.0.12+1802ada577
[01:23:37] [main/INFO] - fabric-language-kotlin: 1.11.0+kotlin.2.0.0
[01:23:37] [main/INFO] - fabric-lifecycle-events-v1: 2.2.22+1802ada577
[01:23:37] [main/INFO] - fabric-loot-api-v2: 1.2.1+1802ada577
[01:23:37] [main/INFO] - fabric-loot-tables-v1: 1.1.45+9e7660c677
[01:23:37] [main/INFO] - fabric-message-api-v1: 5.1.9+1802ada577
[01:23:37] [main/INFO] - fabric-mining-level-api-v1: 2.1.50+1802ada577
[01:23:37] [main/INFO] - fabric-networking-api-v1: 1.3.11+1802ada577
[01:23:37] [main/INFO] - fabric-networking-v0: 0.3.51+df3654b377
[01:23:37] [main/INFO] - fabric-object-builder-api-v1: 11.1.3+1802ada577
[01:23:37] [main/INFO] - fabric-particles-v1: 1.1.2+1802ada577
[01:23:37] [main/INFO] - fabric-permissions-api-v0: 0.2-SNAPSHOT
[01:23:37] [main/INFO] - fabric-recipe-api-v1: 1.0.21+1802ada577
[01:23:37] [main/INFO] - fabric-registry-sync-v0: 2.3.3+1802ada577
[01:23:37] [main/INFO] - fabric-rendering-data-attachment-v1: 0.3.37+92a0d36777
[01:23:37] [main/INFO] - fabric-rendering-fluids-v1: 3.0.28+1802ada577
[01:23:37] [main/INFO] - fabric-resource-conditions-api-v1: 2.3.8+1802ada577
[01:23:37] [main/INFO] - fabric-resource-loader-v0: 0.11.10+1802ada577
[01:23:37] [main/INFO] - fabric-screen-handler-api-v1: 1.3.30+1802ada577
[01:23:37] [main/INFO] - fabric-transfer-api-v1: 3.3.5+8dd72ea377
[01:23:37] [main/INFO] - fabric-transitive-access-wideners-v1: 4.3.1+1802ada577
[01:23:37] [main/INFO] - fabricloader: 0.16.3
[01:23:37] [main/INFO] - fakerlib: 0.1.3
[01:23:37] [main/INFO] - farmersdelight: 1.20.1-1.4.3
[01:23:37] [main/INFO] - farsight: 1.20.1-4.2
[01:23:37] [main/INFO] - faux-custom-entity-data: 6.0.1
[01:23:37] [main/INFO] - ferritecore: 6.0.1
[01:23:37] [main/INFO] - fiber: 0.23.0-2
[01:23:37] [main/INFO] - forcemaster-rpg: 1.0.5
[01:23:37] [main/INFO] - forgeconfigapiport: 8.0.0
[01:23:37] [main/INFO] - formations: 1.0.2
[01:23:37] [main/INFO] - formationsnether: 1.0.4
[01:23:37] [main/INFO] - formationsoverworld: 1.0.3
[01:23:37] [main/INFO] - framework: 0.6.16
[01:23:37] [main/INFO] - friendsandfoes: 2.0.10
[01:23:37] [main/INFO] - frostiful: 1.0.9
[01:23:37] [main/INFO] - ftbchunks: 2001.3.1
[01:23:37] [main/INFO] - ftblibrary: 2001.2.2
[01:23:37] [main/INFO] - ftbquests: 2001.4.5
[01:23:37] [main/INFO] - ftbranks: 2001.1.3
[01:23:37] [main/INFO] - ftbteams: 2001.3.0
[01:23:37] [main/INFO] - ftbxmodcompat: 2.1.1
[01:23:37] [main/INFO] - fwaystones: 3.3.2+mc1.20.1
[01:23:37] [main/INFO] - fzzy_config: 0.1.2+1.20.1
[01:23:37] [main/INFO] - fzzy_core: 0.5.0+1.20.1
[01:23:37] [main/INFO] - galosphere: 1.20.1-1.4.1
[01:23:37] [main/INFO] - gazebo: 1.1.1+1.20.1
[01:23:37] [main/INFO] - gear_core: 0.3.8+1.20.1
[01:23:37] [main/INFO] - geckolib: 4.4.4
[01:23:37] [main/INFO] - genshinstrument: 3.4.1
[01:23:37] [main/INFO] - gimm1q: 0.5.3
[01:23:37] [main/INFO] - glasses: Fabric-1.20.1-1.2.5
[01:23:37] [main/INFO] - globalxp: 1.11
[01:23:37] [main/INFO] - goblintraders: 1.9.3
[01:23:37] [main/INFO] - graveyard: 3.0
[01:23:37] [main/INFO] - guardiansgalore: 1.20.1-3.1
[01:23:37] [main/INFO] - guardvillagers: 2.0.9-1.20.1
[01:23:37] [main/INFO] - handcrafted: 3.0.6
[01:23:37] [main/INFO] - harvest_scythes: 2.5.6+mc1.20
[01:23:37] [main/INFO] - healpgood: 1.3.2
[01:23:37] [main/INFO] - hopobetterruinedportal: 1.3.7
[01:23:37] [main/INFO] - hybrid-aquatic: 1.3.2
[01:23:37] [main/INFO] - icarus: 2.7.1
[01:23:37] [main/INFO] - iceberg: 1.1.18
[01:23:37] [main/INFO] - illagerinvasion: 8.0.5
[01:23:37] [main/INFO] - immersive_armors: 1.6.1+1.20.1
[01:23:37] [main/INFO] - immersive_melodies: 0.1.2+1.20.1
[01:23:37] [main/INFO] - impersonate: 2.10.2
[01:23:37] [main/INFO] - inmis: 2.7.2-1.20.1
[01:23:37] [main/INFO] - inmisaddon: 1.0.4
[01:23:37] [main/INFO] - inventorysorter: 1.9.0-1.20
[01:23:37] [main/INFO] - invoke: 0.2.3
[01:23:37] [main/INFO] - io_github_microutils_kotlin-logging-jvm: 3.0.5
[01:23:37] [main/INFO] - item_obliterator: 2.2.0
[01:23:37] [main/INFO] - itemfilters: 2001.1.0-build.59
[01:23:37] [main/INFO] - jade: 11.8.0
[01:23:37] [main/INFO] - jankson: 6.0.0+j1.2.3
[01:23:37] [main/INFO] - java: 17
[01:23:37] [main/INFO] - jewelry: 1.3.0+1.20.1
[01:23:37] [main/INFO] - kambrik: 6.1.1+1.20.1
[01:23:37] [main/INFO] - kanos_config: 0.4.1+1.14.4-1.19.4
[01:23:37] [main/INFO] - kevsequipmentsets: 1.1.1
[01:23:37] [main/INFO] - kevslibrary: 1.1.0
[01:23:37] [main/INFO] - kevstierifymodifiers: 1.2.4
[01:23:37] [main/INFO] - knavesneeds: 2.0.1+1.20.1
[01:23:37] [main/INFO] - konkrete: 1.8.1
[01:23:37] [main/INFO] - kyrptconfig: 1.5.6-1.20
[01:23:37] [main/INFO] - libgui: 8.1.1+1.20.1
[01:23:37] [main/INFO] - libninepatch: 1.2.0
[01:23:37] [main/INFO] - libraryferret: 4.0.0
[01:23:37] [main/INFO] - libz: 1.0.3
[01:23:37] [main/INFO] - lithium: 0.11.2
[01:23:37] [main/INFO] - lithostitched: 1.1.5
[01:23:37] [main/INFO] - livingthings: 1.20.1-2.0.2
[01:23:37] [main/INFO] - lootintegrations: 1.20.1-3.7
[01:23:37] [main/INFO] - lootr: 0.7.33.81
[01:23:37] [main/INFO] - lovely_snails: 1.1.3+1.20.1
[01:23:37] [main/INFO] - maelstrom_library: 1.6.1-1.20
[01:23:37] [main/INFO] - magistuarmory: 9.8
[01:23:37] [main/INFO] - maxhealthfix: 12.0.3
[01:23:37] [main/INFO] - mcda: 5.0.2
[01:23:37] [main/INFO] - mcdar: 4.0.3
[01:23:37] [main/INFO] - mcdw: 9.0.4
[01:23:37] [main/INFO] - meadow: 1.3.15
[01:23:37] [main/INFO] - medievalorigins: 6.3.8+1.20.1
[01:23:37] [main/INFO] - memoryleakfix: 1.1.2
[01:23:37] [main/INFO] - mermod: 2.41
[01:23:37] [main/INFO] - mes: 1.3.1-1.20-fabric
[01:23:37] [main/INFO] - midnightlib: 1.4.1
[01:23:37] [main/INFO] - minecells: 1.8.2
[01:23:37] [main/INFO] - minecraft: 1.20.1
[01:23:37] [main/INFO] - minerally: 1.20.2-1.2
[01:23:37] [main/INFO] - mixinextras: 0.4.1
[01:23:37] [main/INFO] - mixinsquared: 0.1.2-beta.5
[01:23:37] [main/INFO] - mm: 2.3
[01:23:37] [main/INFO] - mns: 1.0.1-1.20-fabric
[01:23:37] [main/INFO] - modernfix: 5.17.0+mc1.20.1
[01:23:37] [main/INFO] - moonlight: 1.20-2.11.30
[01:23:37] [main/INFO] - more_rpg_classes: 1.1.7-1.20.1
[01:23:37] [main/INFO] - mr_dungeons_andtaverns: 3.0.3.f
[01:23:37] [main/INFO] - mr_reds_morestructures: 1.0.8
[01:23:37] [main/INFO] - mr_tidal_towns: 1.3
[01:23:37] [main/INFO] - multipart_entities: 1.5-1.20
[01:23:37] [main/INFO] - mutantmonsters: 8.0.7
[01:23:37] [main/INFO] - mvs: 4.1.2-1.20-fabric
[01:23:37] [main/INFO] - mysticaloaktree: 1.20-1.11
[01:23:37] [main/INFO] - mythicmetals: 0.19.7+1.20.1
[01:23:37] [main/INFO] - mythicmetals_decorations: 0.6.0+1.20
[01:23:37] [main/INFO] - mythicmobs: 1.20.1-fabric-1.4.5
[01:23:37] [main/INFO] - mythicmounts: 1.20.1-7.4
[01:23:37] [main/INFO] - nameplate: 1.1.4
[01:23:37] [main/INFO] - naturescompass: 1.20.1-2.2.3-fabric
[01:23:37] [main/INFO] - necronomicon: 1.4.2
[01:23:37] [main/INFO] - neruina: 2.0.0-beta.10
[01:23:37] [main/INFO] - net_minecraftforge_eventbus: 6.0.3
[01:23:37] [main/INFO] - net_peanuuutz_tomlkt-jvm: 0.2.0
[01:23:37] [main/INFO] - netherdepthsupgrade: fabric-3.1.6-1.20
[01:23:37] [main/INFO] - nochatreports: 1.20.1-v2.2.2
[01:23:37] [main/INFO] - noisium: 2.0.3+mc1.20-1.20.1
[01:23:37] [main/INFO] - nyctophobia: 1.9
[01:23:37] [main/INFO] - nyfsspiders: 2.1.1
[01:23:37] [main/INFO] - obscure_api: 16
[01:23:37] [main/INFO] - observable: 4.4.1
[01:23:37] [main/INFO] - omega-config: 1.3.0+1.19.2
[01:23:37] [main/INFO] - org_apache_maven_maven-artifact: 3.8.1
[01:23:37] [main/INFO] - org_javassist_javassist: 3.29.2-GA
[01:23:37] [main/INFO] - org_jctools_jctools-core: 4.0.1
[01:23:37] [main/INFO] - org_jetbrains_kotlin_kotlin-reflect: 2.0.0
[01:23:37] [main/INFO] - org_jetbrains_kotlin_kotlin-stdlib: 2.0.0
[01:23:37] [main/INFO] - org_jetbrains_kotlin_kotlin-stdlib-jdk7: 2.0.0
[01:23:37] [main/INFO] - org_jetbrains_kotlin_kotlin-stdlib-jdk8: 2.0.0
[01:23:37] [main/INFO] - org_jetbrains_kotlinx_atomicfu-jvm: 0.24.0
[01:23:37] [main/INFO] - org_jetbrains_kotlinx_kotlinx-coroutines-core-jvm: 1.8.1
[01:23:37] [main/INFO] - org_jetbrains_kotlinx_kotlinx-coroutines-jdk8: 1.8.1
[01:23:37] [main/INFO] - org_jetbrains_kotlinx_kotlinx-datetime-jvm: 0.6.0
[01:23:37] [main/INFO] - org_jetbrains_kotlinx_kotlinx-serialization-cbor-jvm: 1.6.3
[01:23:37] [main/INFO] - org_jetbrains_kotlinx_kotlinx-serialization-core-jvm: 1.6.3
[01:23:37] [main/INFO] - org_jetbrains_kotlinx_kotlinx-serialization-json-jvm: 1.6.3
[01:23:37] [main/INFO] - org_kohsuke_github-api: 1.318
[01:23:37] [main/INFO] - org_quiltmc_parsers_gson: 0.2.1
[01:23:37] [main/INFO] - org_quiltmc_parsers_json: 0.2.1
[01:23:37] [main/INFO] - org_reflections_reflections: 0.10.2
[01:23:37] [main/INFO] - origins: 1.10.0
[01:23:37] [main/INFO] - owo: 0.11.2+1.20
[01:23:37] [main/INFO] - packet_tweaker: 0.4.0+1.19.4
[01:23:37] [main/INFO] - paladins: 1.2.0+1.20.1
[01:23:37] [main/INFO] - paraglider: 20.1.3
[01:23:37] [main/INFO] - patchouli: 1.20.1-84-FABRIC
[01:23:37] [main/INFO] - paxi: 1.20-Fabric-4.0
[01:23:37] [main/INFO] - pehkui: 3.8.0+1.14.4-1.20.4
[01:23:37] [main/INFO] - phantasm: 0.2
[01:23:37] [main/INFO] - philipsruins: 1.20.1
[01:23:37] [main/INFO] - piratesdoom: 1.0.0
[01:23:37] [main/INFO] - placeholder-api: 2.1.1+1.20
[01:23:37] [main/INFO] - player-animator: 1.0.2-rc1+1.20
[01:23:37] [main/INFO] - playerabilitylib: 1.8.0
[01:23:37] [main/INFO] - plentyofarmors: 1.3.0
[01:23:37] [main/INFO] - polymer-blocks: 0.5.15+1.20.1
[01:23:37] [main/INFO] - polymer-common: 0.5.15+1.20.1
[01:23:37] [main/INFO] - polymer-core: 0.5.15+1.20.1
[01:23:37] [main/INFO] - polymer-networking: 0.5.15+1.20.1
[01:23:37] [main/INFO] - polymer-registry-sync-manipulator: 0.5.15+1.20.1
[01:23:37] [main/INFO] - polymer-resource-pack: 0.5.3+1.20.1
[01:23:37] [main/INFO] - polymer-virtual-entity: 0.5.3+1.20.1
[01:23:37] [main/INFO] - polymorph: 0.49.5+1.20.1
[01:23:37] [main/INFO] - porting_lib_accessors: 2.3.4+1.20.1
[01:23:37] [main/INFO] - porting_lib_attributes: 2.3.4+1.20.1
[01:23:37] [main/INFO] - porting_lib_common: 2.3.4+1.20.1
[01:23:37] [main/INFO] - porting_lib_core: 2.3.4+1.20.1
[01:23:37] [main/INFO] - porting_lib_entity: 2.3.4+1.20.1
[01:23:37] [main/INFO] - porting_lib_extensions: 2.3.4+1.20.1
[01:23:37] [main/INFO] - porting_lib_mixin_extensions: 2.3.4+1.20.1
[01:23:37] [main/INFO] - projectile_damage: 3.2.3+1.20.1
[01:23:37] [main/INFO] - promenade: 4.1.1
[01:23:37] [main/INFO] - puffish_attributes: 0.2.0
[01:23:37] [main/INFO] - puffish_skills: 0.12.2
[01:23:37] [main/INFO] - puzzlesaccessapi: 8.0.7
[01:23:37] [main/INFO] - puzzleslib: 8.1.19
[01:23:37] [main/INFO] - qu-enchantments: 1.3.6-1.20
[01:23:37] [main/INFO] - ranged_weapon_api: 1.1.1+1.20.1
[01:23:37] [main/INFO] - reach-entity-attributes: 2.4.0
[01:23:37] [main/INFO] - reddensstonelantern: 1.0.3
[01:23:37] [main/INFO] - redirector: 1.20.1-4.4.0
[01:23:37] [main/INFO] - regions_unexplored: 0.5.5+1.20.1
[01:23:37] [main/INFO] - repurposed_structures: 7.1.15+1.20.1-fabric
[01:23:37] [main/INFO] - resourcefulconfig: 2.1.2
[01:23:37] [main/INFO] - resourcefullib: 2.1.25
[01:23:37] [main/INFO] - respawningstructures: 1.20.1-2.5
[01:23:37] [main/INFO] - roughlyenoughitems: 12.1.725
[01:23:37] [main/INFO] - rpg_origins: 1.4.2
[01:23:37] [main/INFO] - rpgdifficulty: 1.3.13
[01:23:37] [main/INFO] - rpgmana: 1.0.7.1
[01:23:37] [main/INFO] - runes: 0.9.11+1.20.1
[01:23:37] [main/INFO] - saflib: 1.1.0
[01:23:37] [main/INFO] - sawmill: 1.20-1.4.0
[01:23:37] [main/INFO] - server_translations_api: 2.0.0+1.20
[01:23:37] [main/INFO] - sgui: 1.2.2+1.20
[01:23:37] [main/INFO] - showmeyourskin: 1.9.0+1.20
[01:23:37] [main/INFO] - shrek: 1.0.0
[01:23:37] [main/INFO] - simplyskills: 1.4.1+1.20.1
[01:23:37] [main/INFO] - simplyswords: 1.55.0-1.20.1
[01:23:37] [main/INFO] - skinlayers3d: 1.6.4
[01:23:37] [main/INFO] - skyvillages: 1.0.3.2-1.19.2-1.20.1
[01:23:37] [main/INFO] - slayersbeasts: 1.2.0
[01:23:37] [main/INFO] - smallships: 2.0.0-b1.2
[01:23:37] [main/INFO] - smartbrainlib: 1.14
[01:23:37] [main/INFO] - smarterfarmers: 1.20-1.8.2
[01:23:37] [main/INFO] - smwyg: 1.1.1
[01:23:37] [main/INFO] - soaringstructures2: 1.20.1 - 2.5.1
[01:23:37] [main/INFO] - soulsweapons: 1.1.3-1.20-fabric
[01:23:37] [main/INFO] - sound_physics_remastered: 1.20.1-1.4.2
[01:23:37] [main/INFO] - spark: 1.10.53
[01:23:37] [main/INFO] - species: 1.3-fabric
[01:23:37] [main/INFO] - spectrelib: 0.13.15+1.20.1
[01:23:37] [main/INFO] - spell_engine: 0.14.3+1.20.1
[01:23:37] [main/INFO] - spell_power: 0.10.2+1.20.1
[01:23:37] [main/INFO] - spellbladenext: 1.15.1
[01:23:37] [main/INFO] - spellslabextra: 1.1-1.20.1
[01:23:37] [main/INFO] - starlight: 1.1.2+fabric.dbc156f
[01:23:37] [main/INFO] - starterkit: 6.7
[01:23:37] [main/INFO] - step-height-entity-attribute: 1.2.0
[01:23:37] [main/INFO] - structory: 1.3.5
[01:23:37] [main/INFO] - structory_towers: 1.0.7
[01:23:37] [main/INFO] - structure_pool_api: 1.0+1.20.1
[01:23:37] [main/INFO] - structurecredits: 1.7
[01:23:37] [main/INFO] - structureessentials: 1.20.1-3.3
[01:23:37] [main/INFO] - t_and_t: 1.12
[01:23:37] [main/INFO] - tcdcommons: 3.9.6+fabric-1.20.1
[01:23:37] [main/INFO] - team_reborn_energy: 3.0.0
[01:23:37] [main/INFO] - tectonic: 2.3.4
[01:23:37] [main/INFO] - terrablender: 3.0.1.7
[01:23:37] [main/INFO] - terraform-shapes-api-v1: 7.0.1
[01:23:37] [main/INFO] - terraform-surfaces-api-v1: 7.0.1
[01:23:37] [main/INFO] - terraform-wood-api-v1: 7.0.3
[01:23:37] [main/INFO] - terralith: 2.5.1
[01:23:37] [main/INFO] - textanimator: 2.3.3
[01:23:37] [main/INFO] - theorcs: fabric-1.20.x-1.0
[01:23:37] [main/INFO] - thermoo: 2.3.1
[01:23:37] [main/INFO] - thiccpackets: 1.17-1.19+
[01:23:37] [main/INFO] - tiered: 1.1.0
[01:23:37] [main/INFO] - tinyfoes: 1.20.1-1.0
[01:23:37] [main/INFO] - tlc: 1.0.1
[01:23:37] [main/INFO] - toms_storage: 1.6.6
[01:23:37] [main/INFO] - totw_additions: 1.3
[01:23:37] [main/INFO] - travelerscompass: 2.0.4.0
[01:23:37] [main/INFO] - travellersbootsreloaded: 2.1.1-fabric
[01:23:37] [main/INFO] - treechop: 0.19.0
[01:23:37] [main/INFO] - tridents_n_stuff: 0.1.3+1.20.1
[01:23:37] [main/INFO] - trimeffects: 1.1.1-fabric
[01:23:37] [main/INFO] - trinkets: 3.7.2
[01:23:37] [main/INFO] - twigs: 3.1.0
[01:23:37] [main/INFO] - universal_shops: 1.3.2+1.20.1
[01:23:37] [main/INFO] - variantshields: 2.1
[01:23:37] [main/INFO] - villagernames: 7.3
[01:23:37] [main/INFO] - villagersplus: 3.1
[01:23:37] [main/INFO] - villagesandpillages: 1.0.0
[01:23:37] [main/INFO] - vinery: 1.4.19
[01:23:37] [main/INFO] - visualworkbench: 8.0.0
[01:23:37] [main/INFO] - voidz: 1.0.11
[01:23:37] [main/INFO] - wabi_sabi_structures: 2.0.0-1.20
[01:23:37] [main/INFO] - watut: 1.20.1-1.1.1
[01:23:37] [main/INFO] - waveycapes: 1.4.7
[01:23:37] [main/INFO] - weaponmaster: 3.0.5
[01:23:37] [main/INFO] - wetlands: 1.2
[01:23:37] [main/INFO] - wildlife: 1.19.2-2.2
[01:23:37] [main/INFO] - witcher-rpg: 1.0.6
[01:23:37] [main/INFO] - wits: 1.1.0+1.20.1-fabric
[01:23:37] [main/INFO] - wizards: 1.2.0+1.20.1
[01:23:37] [main/INFO] - wunderlib: 1.1.5
[01:23:37] [main/INFO] - xaerominimap: 24.1.1
[01:23:37] [main/INFO] - xaeroworldmap: 1.38.4
[01:23:37] [main/INFO] - xercapaint: fabric-1.20.1-1.0.0
[01:23:37] [main/INFO] - xtraarrows: 3.0.4.1
[01:23:37] [main/INFO] - yeetusexperimentus: 2.3.1-build.6+mc1.20.1
[01:23:37] [main/INFO] - yet_another_config_lib_v3: 3.4.2+1.20.1-fabric
[01:23:37] [main/INFO] - yigd: 2.0.0-beta.13
[01:23:37] [main/INFO] - yosbr: 0.1.2
[01:23:37] [main/INFO] - yungsapi: 1.20-Fabric-4.0.5
[01:23:37] [main/INFO] - yungsbridges: 1.20-Fabric-4.0.3
[01:23:37] [main/INFO] - zenith_attributes: 0.2.4
[01:23:37] [main/INFO] ========================================
[01:23:37] [main/INFO] [REI] Registered plugin provider AlloyForgeryCommonPlugin [alloy_forgery] for REIPlugin
[01:23:37] [main/INFO] [REI] Registered plugin provider DefaultPlugin [roughlyenoughitems] for REIPlugin
[01:23:37] [main/INFO] [REI] Registered plugin provider DefaultRuntimePlugin [roughlyenoughitems] for REIPlugin
[01:23:37] [main/INFO] [REI] Registered plugin provider AlloyForgeryCommonPlugin [alloy_forgery] for REIServerPlugin
[01:23:37] [main/INFO] [REI] Registered plugin provider DefaultPlugin [roughlyenoughitems] for REIServerPlugin
[01:23:37] [main/INFO] [REI] Registered plugin provider DefaultRuntimePlugin [roughlyenoughitems] for REIServerPlugin
[01:23:37] [main/INFO] [REI] Registered plugin provider FabricFluidAPISupportPlugin for REIServerPlugin
[01:23:37] [main/INFO] [REI] Registered plugin provider FabricFluidAPISupportPlugin for REIPlugin
[01:23:52] [Worker-Main-1/DEBUG] [REI] Processed 0 tags in 69.55 μs for minecraft:trim_pattern
[01:23:52] [Worker-Main-1/DEBUG] [REI] Processed 13 tags in 3.266 ms for minecraft:enchantment
[01:23:52] [Worker-Main-1/DEBUG] [REI] Processed 0 tags in 17.54 μs for minecraft:damage_type
[01:23:52] [Worker-Main-1/DEBUG] [REI] Processed 118 tags in 4.684 ms for minecraft:entity_type
[01:23:52] [Worker-Main-1/DEBUG] [REI] Processed 1323 tags in 23.99 ms for minecraft:item
[01:23:52] [Worker-Main-1/DEBUG] [REI] Processed 0 tags in 7.804 μs for minecraft:worldgen/density_function
[01:23:52] [Worker-Main-1/DEBUG] [REI] Processed 0 tags in 7.714 μs for minecraft:dimension
[01:23:53] [Worker-Main-1/DEBUG] [REI] Processed 0 tags in 8.566 μs for minecraft:worldgen/flat_level_generator_preset
[01:23:53] [Worker-Main-1/DEBUG] [REI] Processed 1 tags in 16.91 μs for minecraft:recipe_type
[01:23:53] [Worker-Main-1/DEBUG] [REI] Processed 888 tags in 22.01 ms for minecraft:block
[01:23:53] [Worker-Main-1/DEBUG] [REI] Processed 26 tags in 65.61 μs for minecraft:banner_pattern
[01:23:53] [Worker-Main-1/DEBUG] [REI] Processed 0 tags in 10.72 μs for minecraft:worldgen/structure_set
[01:23:53] [Worker-Main-1/DEBUG] [REI] Processed 0 tags in 7.875 μs for minecraft:dimension_type
[01:23:53] [Worker-Main-1/DEBUG] [REI] Processed 6 tags in 52.56 μs for minecraft:point_of_interest_type
[01:23:53] [Worker-Main-1/DEBUG] [REI] Processed 7 tags in 1.217 ms for minecraft:game_event
[01:23:53] [Worker-Main-1/DEBUG] [REI] Processed 10 tags in 33.09 μs for minecraft:fluid
[01:23:53] [Worker-Main-1/DEBUG] [REI] Processed 0 tags in 9.147 μs for minecraft:worldgen/world_preset
[01:23:53] [Worker-Main-1/DEBUG] [REI] Processed 0 tags in 60.16 μs for minecraft:worldgen/structure
[01:23:53] [Worker-Main-1/DEBUG] [REI] Processed 2 tags in 43.33 μs for minecraft:cat_variant
[01:23:53] [Worker-Main-1/DEBUG] [REI] Processed 4 tags in 22.80 μs for minecraft:instrument
[01:23:53] [Worker-Main-1/DEBUG] [REI] Processed 2 tags in 242.6 μs for minecraft:painting_variant
[01:23:53] [Worker-Main-1/DEBUG] [REI] Processed 2 tags in 25.23 μs for minecraft:mob_effect
[01:23:54] [Worker-Main-1/DEBUG] [REI] Processed 0 tags in 300.7 μs for minecraft:worldgen/biome
